Unity Editor version:    2020.3.19f1 (68f137dc9bbe)
Branch:                  2020.3/staging
Build type:              Release
Batch mode:              YES
macOS version:           Version 10.15.7 (Build 19H1419)
Darwin version:          19.6.0
Architecture:            x86_64
Running under Rosetta:   NO
Available memory:        65536 MB
Using pre-set license
Pro License: NO

COMMAND LINE ARGUMENTS:
/Applications/Unity/Hub/Editor/2020.3.19f1/Unity.app/Contents/MacOS/Unity
-adb2
-batchMode
-noUpm
-name
AssetImportWorker0
-projectPath
/Volumes/SAVE HERE/JasminLab/W9PlayerManagementLab/W9PlayerManagement
-logFile
Logs/AssetImportWorker0.log
-srvPort
56754
Successfully changed project path to: /Volumes/SAVE HERE/JasminLab/W9PlayerManagementLab/W9PlayerManagement
/Volumes/SAVE HERE/JasminLab/W9PlayerManagementLab/W9PlayerManagement
Using Asset Import Pipeline V2.
Refreshing native plugins compatible for Editor in 58.81 ms, found 3 plugins.
Preloading 1 native plugins for Editor in 10.50 ms.
Initialize engine version: 2020.3.19f1 (68f137dc9bbe)
[Subsystems] Discovering subsystems at path /Applications/Unity/Hub/Editor/2020.3.19f1/Unity.app/Contents/Resources/UnitySubsystems
[Subsystems] Discovering subsystems at path /Volumes/SAVE HERE/JasminLab/W9PlayerManagementLab/W9PlayerManagement/Assets
GfxDevice: creating device client; threaded=0
2021-11-30 16:03:13.126 Unity[29681:8929127] iMac preferred device: AMD Radeon Pro Vega 64 (high power)
2021-11-30 16:03:13.126 Unity[29681:8929127] Metal devices available: 1
2021-11-30 16:03:13.127 Unity[29681:8929127] 0: AMD Radeon Pro Vega 64 (high power)
2021-11-30 16:03:13.127 Unity[29681:8929127] Using device AMD Radeon Pro Vega 64 (high power)
Initializing Metal device caps: AMD Radeon Pro Vega 64
Initialize mono
Mono path[0] = '/Applications/Unity/Hub/Editor/2020.3.19f1/Unity.app/Contents/Managed'
Mono path[1] = '/Applications/Unity/Hub/Editor/2020.3.19f1/Unity.app/Contents/MonoBleedingEdge/lib/mono/unityjit'
Mono config path = '/Applications/Unity/Hub/Editor/2020.3.19f1/Unity.app/Contents/MonoBleedingEdge/etc'
Using monoOptions --debugger-agent=transport=dt_socket,embedding=1,server=y,suspend=n,address=127.0.0.1:56681
Begin MonoManager ReloadAssembly
Registering precompiled unity dll's ...
Register platform support module: /Applications/Unity/Hub/Editor/2020.3.19f1/Unity.app/Contents/PlaybackEngines/MacStandaloneSupport/UnityEditor.OSXStandalone.Extensions.dll
Registered in 0.000577 seconds.
Native extension for OSXStandalone target not found
Refreshing native plugins compatible for Editor in 54.00 ms, found 3 plugins.
Preloading 1 native plugins for Editor in 0.44 ms.
Mono: successfully reloaded assembly
- Completed reload, in  2.595 seconds
Domain Reload Profiling:
	ReloadAssembly (2595ms)
		BeginReloadAssembly (52ms)
			ExecutionOrderSort (0ms)
			DisableScriptedObjects (0ms)
			BackupInstance (0ms)
			ReleaseScriptingObjects (0ms)
			CreateAndSetChildDomain (1ms)
		EndReloadAssembly (474ms)
			LoadAssemblies (51ms)
			RebuildTransferFunctionScriptingTraits (0ms)
			SetupTypeCache (184ms)
			ReleaseScriptCaches (0ms)
			RebuildScriptCaches (41ms)
			SetupLoadedEditorAssemblies (199ms)
				LogAssemblyErrors (0ms)
				InitializePlatformSupportModulesInManaged (4ms)
				SetLoadedEditorAssemblies (0ms)
				RefreshPlugins (54ms)
				BeforeProcessingInitializeOnLoad (24ms)
				ProcessInitializeOnLoadAttributes (89ms)
				ProcessInitializeOnLoadMethodAttributes (28ms)
				AfterProcessingInitializeOnLoad (0ms)
				EditorAssembliesLoaded (0ms)
			ExecutionOrderSort2 (0ms)
			AwakeInstancesAfterBackupRestoration (0ms)
Platform modules already initialized, skipping
Registering precompiled user dll's ...
Registered in 0.002083 seconds.
Begin MonoManager ReloadAssembly
Native extension for OSXStandalone target not found
Refreshing native plugins compatible for Editor in 56.24 ms, found 3 plugins.
Preloading 1 native plugins for Editor in 0.43 ms.
Mono: successfully reloaded assembly
- Completed reload, in  1.396 seconds
Domain Reload Profiling:
	ReloadAssembly (1397ms)
		BeginReloadAssembly (169ms)
			ExecutionOrderSort (0ms)
			DisableScriptedObjects (5ms)
			BackupInstance (0ms)
			ReleaseScriptingObjects (0ms)
			CreateAndSetChildDomain (35ms)
		EndReloadAssembly (1165ms)
			LoadAssemblies (92ms)
			RebuildTransferFunctionScriptingTraits (0ms)
			SetupTypeCache (403ms)
			ReleaseScriptCaches (1ms)
			RebuildScriptCaches (65ms)
			SetupLoadedEditorAssemblies (482ms)
				LogAssemblyErrors (0ms)
				InitializePlatformSupportModulesInManaged (4ms)
				SetLoadedEditorAssemblies (0ms)
				RefreshPlugins (57ms)
				BeforeProcessingInitializeOnLoad (92ms)
				ProcessInitializeOnLoadAttributes (323ms)
				ProcessInitializeOnLoadMethodAttributes (4ms)
				AfterProcessingInitializeOnLoad (2ms)
				EditorAssembliesLoaded (0ms)
			ExecutionOrderSort2 (0ms)
			AwakeInstancesAfterBackupRestoration (6ms)
Platform modules already initialized, skipping
Validating Project structure ... 0.004956 seconds.
Shader import version has changed; will reimport all shaders...
Upgrading shader files ...0.003365 seconds.
Application.AssetDatabase Initial Script Refresh Start
RefreshInfo: InitialScriptRefreshV2(NoUpdateAssetOptions) scanfilter:  ... 1 filters
RefreshProfiler: Total: 0.000ms
Application.AssetDatabase Initial Script Refresh End
Application.AssetDatabase.Refresh Start
Application.AssetDatabase.Refresh End
RefreshInfo: StopAssetImportingV2(ForceSynchronousImport) scanfilter: 
RefreshProfiler: Total: 0.000ms
Launching external process: /Applications/Unity/Hub/Editor/2020.3.19f1/Unity.app/Contents/Tools/UnityShaderCompiler
Launched and connected shader compiler UnityShaderCompiler after 0.01 seconds
Initializing Unity extensions:
========================================================================
Worker process is ready to serve import requests
Refreshing native plugins compatible for Editor in 0.76 ms, found 3 plugins.
Preloading 1 native plugins for Editor in 0.47 ms.
Unloading 3625 Unused Serialized files (Serialized files now loaded: 0)
System memory in use before: 285.3 MB.
System memory in use after: 285.1 MB.

Unloading 179 unused Assets to reduce memory usage. Loaded Objects now: 4103.
Total: 4.993897 ms (FindLiveObjects: 0.498045 ms CreateObjectMapping: 0.264027 ms MarkObjects: 3.926454 ms  DeleteObjects: 0.303916 ms)

AssetImportParameters requested are different than current active one (requested -> active):
  custom:video-decoder-ogg-theora: a1e56fd34408186e4bbccfd4996cb3dc -> 
  custom:container-muxer-webm: aa71ff27fc2769a1b78a27578f13a17b -> 
  custom:container-demuxer-webm: 4f35f7cbe854078d1ac9338744f61a02 -> 
  custom:container-demuxer-ogg: 62fdf1f143b41e24485cea50d1cbac27 -> 
  custom:video-encoder-webm-vp8: eb34c28f22e8b96e1ab97ce403110664 -> 
  custom:framework-osx-AVFoundation: b23960f63f64bdc6ff669e2cdcee2391 -> 
  custom:video-decoder-webm-vp8: 9c59270c3fd7afecdb556c50c9e8de78 -> 
  custom:audio-decoder-ogg-vorbis: bf7c407c2cedff20999df2af8eb42d56 -> 
  custom:audio-encoder-webm-vorbis: bf7c407c2cedff20999df2af8eb42d56 -> 
========================================================================
Received Import Request.
  path: Assets/Scenes/XR.unity
  artifactKey: Guid(25b2b3b9b100f1b43b0b330f2d1f82c3) Importer(815301076,1909f56bfc062723c751e8b465ee728b)
Start importing Assets/Scenes/XR.unity using Guid(25b2b3b9b100f1b43b0b330f2d1f82c3) Importer(815301076,1909f56bfc062723c751e8b465ee728b)  -> (artifact id: '3edef68c3284331bbaeb7cf5b37600a1') in 0.013125 seconds 
  Import took 0.018818 seconds .

========================================================================
Received Import Request.
  Time since last request: 0.000246 seconds.
  path: Assets/Scenes/Area 2.unity
  artifactKey: Guid(455fec31d6da92d4c8a6542685bf2620) Importer(815301076,1909f56bfc062723c751e8b465ee728b)
Start importing Assets/Scenes/Area 2.unity using Guid(455fec31d6da92d4c8a6542685bf2620) Importer(815301076,1909f56bfc062723c751e8b465ee728b)  -> (artifact id: 'd4aa28bb15255cc229bd1e57804d56e8') in 0.001324 seconds 
  Import took 0.006397 seconds .

========================================================================
Received Import Request.
  Time since last request: 14.015059 seconds.
  path: Assets/Scripts/TransporterController.cs
  artifactKey: Guid(97b2cbc0c98eae742819de40c29bf274) Importer(815301076,1909f56bfc062723c751e8b465ee728b)
Start importing Assets/Scripts/TransporterController.cs using Guid(97b2cbc0c98eae742819de40c29bf274) Importer(815301076,1909f56bfc062723c751e8b465ee728b)  -> (artifact id: 'de4fe00a162b57c8ad51da3e968ffefb') in 0.265227 seconds 
  Import took 0.272071 seconds .

========================================================================
Received Import Request.
  Time since last request: 59.855787 seconds.
  path: Assets/Scripts/HandAvatarController.cs
  artifactKey: Guid(664153127b0908645a2eb64ce0ac34ce) Importer(815301076,1909f56bfc062723c751e8b465ee728b)
Start importing Assets/Scripts/HandAvatarController.cs using Guid(664153127b0908645a2eb64ce0ac34ce) Importer(815301076,1909f56bfc062723c751e8b465ee728b)  -> (artifact id: 'eb627e4a903eac84a6e86b0329fdee58') in 0.002312 seconds 
  Import took 0.008695 seconds .

========================================================================
Received Import Request.
  Time since last request: 14.946912 seconds.
  path: Assets/Scripts/HandVisualController.cs
  artifactKey: Guid(d04a86426d4c35d4b98e0b7eaa45c3f8) Importer(815301076,1909f56bfc062723c751e8b465ee728b)
Start importing Assets/Scripts/HandVisualController.cs using Guid(d04a86426d4c35d4b98e0b7eaa45c3f8) Importer(815301076,1909f56bfc062723c751e8b465ee728b)  -> (artifact id: '0e260a03e1b07feee18b4afb18733606') in 0.001845 seconds 
  Import took 0.008104 seconds .

========================================================================
Received Import Request.
  Time since last request: 1.391138 seconds.
  path: Assets/Scripts/KeyCardController.cs
  artifactKey: Guid(ed5b36a557440ca42a61a90505d6690f) Importer(815301076,1909f56bfc062723c751e8b465ee728b)
Start importing Assets/Scripts/KeyCardController.cs using Guid(ed5b36a557440ca42a61a90505d6690f) Importer(815301076,1909f56bfc062723c751e8b465ee728b)  -> (artifact id: '17c4bc2e60f17fed5f3fe37f13a6b6b4') in 0.001698 seconds 
  Import took 0.008096 seconds .

